[    0.000000] Linux version 4.15.0-206-generic (buildd@lcy02-amd64-070) (gcc version 7.5.0 (Ubuntu 7.5.0-3ubuntu1~18.04)) #217-Ubuntu SMP Fri Feb 3 19:10:13 UTC 2023 (Ubuntu 4.15.0-206.217-generic 4.15.18)
[    0.000000] Command line: BOOT_IMAGE=/boot/vmlinuz-4.15.0-206-generic root=UUID=3a319da5-3f27-4b91-88e1-848024c83f21 ro console=tty1 console=ttyS0
[    0.000000] KERNEL supported cpus:
[    0.000000]   Intel GenuineIntel
[    0.000000]   AMD AuthenticAMD
[    0.000000]   Centaur CentaurHauls
[    0.000000] [Firmware Bug]: TSC doesn't count with P0 frequency!
[    0.000000] x86/fpu: Supporting XSAVE feature 0x001: 'x87 floating point registers'
[    0.000000] x86/fpu: Supporting XSAVE feature 0x002: 'SSE registers'
[    0.000000] x86/fpu: Supporting XSAVE feature 0x004: 'AVX registers'
[    0.000000] x86/fpu: xstate_offset[2]:  576, xstate_sizes[2]:  256
[    0.000000] x86/fpu: Enabled xstate features 0x7, context size is 832 bytes, using 'standard' format.
[    0.000000] e820: BIOS-provided physical RAM map:
[    0.000000] BIOS-e820: [mem 0x0000000000000000-0x000000000009fbff] usable
[    0.000000] BIOS-e820: [mem 0x000000000009fc00-0x000000000009ffff] reserved
[    0.000000] BIOS-e820: [mem 0x00000000000f0000-0x00000000000fffff] reserved
[    0.000000] BIOS-e820: [mem 0x0000000000100000-0x000000003ffeffff] usable
[    0.000000] BIOS-e820: [mem 0x000000003fff0000-0x000000003fffffff] ACPI data
[    0.000000] BIOS-e820: [mem 0x00000000fec00000-0x00000000fec00fff] reserved
[    0.000000] BIOS-e820: [mem 0x00000000fee00000-0x00000000fee00fff] reserved
[    0.000000] BIOS-e820: [mem 0x00000000fffc0000-0x00000000ffffffff] reserved
[    0.000000] NX (Execute Disable) protection: active
[    0.000000] SMBIOS 2.5 present.
[    0.000000] DMI: innotek GmbH VirtualBox/VirtualBox, BIOS VirtualBox 12/01/2006
[    0.000000] Hypervisor detected: KVM
[    0.000000] e820: last_pfn = 0x3fff0 max_arch_pfn = 0x400000000
[    0.000000] MTRR: Disabled
[    0.000000] x86/PAT: MTRRs disabled, skipping PAT initialization too.
[    0.000000] CPU MTRRs all blank - virtualized system.
[    0.000000] x86/PAT: Configuration [0-7]: WB  WT  UC- UC  WB  WT  UC- UC  
[    0.000000] found SMP MP-table at [mem 0x0009fff0-0x0009ffff]
[    0.000000] Scanning 1 areas for low memory corruption
[    0.000000] RAMDISK: [mem 0x35819000-0x36c03fff]
[    0.000000] ACPI: Early table checksum verification disabled
[    0.000000] ACPI: RSDP 0x00000000000E0000 000024 (v02 VBOX  )
[    0.000000] ACPI: XSDT 0x000000003FFF0030 00003C (v01 VBOX   VBOXXSDT 00000001 ASL  00000061)
[    0.000000] ACPI: FACP 0x000000003FFF00F0 0000F4 (v04 VBOX   VBOXFACP 00000001 ASL  00000061)
[    0.000000] ACPI: DSDT 0x000000003FFF0470 002325 (v02 VBOX   VBOXBIOS 00000002 INTL 20100528)
[    0.000000] ACPI: FACS 0x000000003FFF0200 000040
[    0.000000] ACPI: FACS 0x000000003FFF0200 000040
[    0.000000] ACPI: APIC 0x000000003FFF0240 00005C (v02 VBOX   VBOXAPIC 00000001 ASL  00000061)
[    0.000000] ACPI: SSDT 0x000000003FFF02A0 0001CC (v01 VBOX   VBOXCPUT 00000002 INTL 20100528)
[    0.000000] ACPI: Reserving FACP table memory at [mem 0x3fff00f0-0x3fff01e3]
[    0.000000] ACPI: Reserving DSDT table memory at [mem 0x3fff0470-0x3fff2794]
[    0.000000] ACPI: Reserving FACS table memory at [mem 0x3fff0200-0x3fff023f]
[    0.000000] ACPI: Reserving FACS table memory at [mem 0x3fff0200-0x3fff023f]
[    0.000000] ACPI: Reserving APIC table memory at [mem 0x3fff0240-0x3fff029b]
[    0.000000] ACPI: Reserving SSDT table memory at [mem 0x3fff02a0-0x3fff046b]
[    0.000000] No NUMA configuration found
[    0.000000] Faking a node at [mem 0x0000000000000000-0x000000003ffeffff]
[    0.000000] NODE_DATA(0) allocated [mem 0x3ffc5000-0x3ffeffff]
[    0.000000] kvm-clock: cpu 0, msr 0:3ff44001, primary cpu clock
[    0.000000] kvm-clock: Using msrs 4b564d01 and 4b564d00
[    0.000000] kvm-clock: using sched offset of 4208735728 cycles
[    0.000000] clocksource: kvm-clock: mask: 0xffffffffffffffff max_cycles: 0x1cd42e4dffb, max_idle_ns: 881590591483 ns
[    0.000000] Zone ranges:
[    0.000000]   DMA      [mem 0x0000000000001000-0x0000000000ffffff]
[    0.000000]   DMA32    [mem 0x0000000001000000-0x000000003ffeffff]
[    0.000000]   Normal   empty
[    0.000000]   Device   empty
[    0.000000] Movable zone start for each node
[    0.000000] Early memory node ranges
[    0.000000]   node   0: [mem 0x0000000000001000-0x000000000009efff]
[    0.000000]   node   0: [mem 0x0000000000100000-0x000000003ffeffff]
[    0.000000] Reserved but unavailable: 104 pages
[    0.000000] Initmem setup node 0 [mem 0x0000000000001000-0x000000003ffeffff]
[    0.000000] ACPI: PM-Timer IO Port: 0x4008
[    0.000000] IOAPIC[0]: apic_id 2, version 32, address 0xfec00000, GSI 0-23
[    0.000000] ACPI: INT_SRC_OVR (bus 0 bus_irq 0 global_irq 2 dfl dfl)
[    0.000000] ACPI: INT_SRC_OVR (bus 0 bus_irq 9 global_irq 9 low level)
[    0.000000] Using ACPI (MADT) for SMP configuration information
[    0.000000] smpboot: Allowing 2 CPUs, 0 hotplug CPUs
[    0.000000] PM: Registered nosave memory: [mem 0x00000000-0x00000fff]
[    0.000000] PM: Registered nosave memory: [mem 0x0009f000-0x0009ffff]
[    0.000000] PM: Registered nosave memory: [mem 0x000a0000-0x000effff]
[    0.000000] PM: Registered nosave memory: [mem 0x000f0000-0x000fffff]
[    0.000000] e820: [mem 0x40000000-0xfebfffff] available for PCI devices
[    0.000000] Booting paravirtualized kernel on KVM
[    0.000000] clocksource: refined-jiffies: mask: 0xffffffff max_cycles: 0xffffffff, max_idle_ns: 7645519600211568 ns
[    0.000000] setup_percpu: NR_CPUS:8192 nr_cpumask_bits:2 nr_cpu_ids:2 nr_node_ids:1
[    0.000000] percpu: Embedded 50 pages/cpu s167936 r8192 d28672 u1048576
[    0.000000] PV qspinlock hash table entries: 256 (order: 0, 4096 bytes)
[    0.000000] Built 1 zonelists, mobility grouping on.  Total pages: 257913
[    0.000000] Policy zone: DMA32
[    0.000000] Kernel command line: BOOT_IMAGE=/boot/vmlinuz-4.15.0-206-generic root=UUID=3a319da5-3f27-4b91-88e1-848024c83f21 ro console=tty1 console=ttyS0
[    0.000000] Memory: 981776K/1048120K available (12300K kernel code, 2477K rwdata, 4324K rodata, 2480K init, 2720K bss, 66344K reserved, 0K cma-reserved)
[    0.000000] SLUB: HWalign=64, Order=0-3, MinObjects=0, CPUs=2, Nodes=1
[    0.000000] ftrace: allocating 39485 entries in 155 pages
[    0.004000] Hierarchical RCU implementation.
[    0.004000] 	RCU restricting CPUs from NR_CPUS=8192 to nr_cpu_ids=2.
[    0.004000] 	Tasks RCU enabled.
[    0.004000] RCU: Adjusting geometry for rcu_fanout_leaf=16, nr_cpu_ids=2
[    0.004000] NR_IRQS: 524544, nr_irqs: 440, preallocated irqs: 16
[    0.004000] random: crng init done
[    0.004000] Console: colour VGA+ 80x25
[    0.004000] console [tty1] enabled
[    0.004000] console [ttyS0] enabled
[    0.004000] ACPI: Core revision 20170831
[    0.004000] ACPI: 2 ACPI AML tables successfully acquired and loaded
[    0.004000] APIC: Switch to symmetric I/O mode setup
[    0.004000] x2apic enabled
[    0.004000] Switched APIC routing to physical x2apic.
[    0.004000] ..TIMER: vector=0x30 apic1=0 pin1=2 apic2=-1 pin2=-1
[    0.004000] tsc: Detected 1996.250 MHz processor
[    0.004000] Calibrating delay loop (skipped) preset value.. 3992.50 BogoMIPS (lpj=7985000)
[    0.004000] pid_max: default: 32768 minimum: 301
[    0.004000] Security Framework initialized
[    0.004000] Yama: becoming mindful.
[    0.004000] AppArmor: AppArmor initialized
[    0.004000] Dentry cache hash table entries: 131072 (order: 8, 1048576 bytes)
[    0.004000] Inode-cache hash table entries: 65536 (order: 7, 524288 bytes)
[    0.004000] Mount-cache hash table entries: 2048 (order: 2, 16384 bytes)
[    0.004000] Mountpoint-cache hash table entries: 2048 (order: 2, 16384 bytes)
[    0.004000] Last level iTLB entries: 4KB 1024, 2MB 1024, 4MB 512
[    0.004000] Last level dTLB entries: 4KB 1536, 2MB 1536, 4MB 768, 1GB 0
[    0.004000] Spectre V1 : Mitigation: usercopy/swapgs barriers and __user pointer sanitization
[    0.004000] Spectre V2 : Mitigation: Retpolines
[    0.004000] Spectre V2 : Spectre v2 / SpectreRSB mitigation: Filling RSB on context switch
[    0.004000] Spectre V2 : Spectre v2 / SpectreRSB : Filling RSB on VMEXIT
[    0.004000] RETBleed: Vulnerable
[    0.004000] Freeing SMP alternatives memory: 36K
[    0.116791] APIC calibration not consistent with PM-Timer: 113ms instead of 100ms
[    0.118697] APIC delta adjusted to PM-Timer: 6452105 (7306705)
[    0.120070] smpboot: CPU0: AMD Ryzen 5 2500U with Radeon Vega Mobile Gfx (family: 0x17, model: 0x11, stepping: 0x0)
[    0.122529] Performance Events: PMU not available due to virtualization, using software events only.
[    0.124000] Hierarchical SRCU implementation.
[    0.124519] NMI watchdog: Perf event create on CPU 0 failed with -2
[    0.125502] NMI watchdog: Perf NMI watchdog permanently disabled
[    0.126477] smp: Bringing up secondary CPUs ...
[    0.127327] x86: Booting SMP configuration:
[    0.128005] .... node  #0, CPUs:      #1
[    0.004000] kvm-clock: cpu 1, msr 0:3ff44041, secondary cpu clock
[    0.132036] smp: Brought up 1 node, 2 CPUs
[    0.133173] smpboot: Max logical packages: 1
[    0.134326] smpboot: Total of 2 processors activated (7985.00 BogoMIPS)
[    0.136220] devtmpfs: initialized
[    0.136968] x86/mm: Memory block size: 128MB
[    0.138120] evm: security.selinux
[    0.138926] evm: security.SMACK64
[    0.140009] evm: security.SMACK64EXEC
[    0.140864] evm: security.SMACK64TRANSMUTE
[    0.141802] evm: security.SMACK64MMAP
[    0.142677] evm: security.apparmor
[    0.143546] evm: security.ima
[    0.144000] evm: security.capability
[    0.144123] clocksource: jiffies: mask: 0xffffffff max_cycles: 0xffffffff, max_idle_ns: 7645041785100000 ns
[    0.146651] futex hash table entries: 512 (order: 3, 32768 bytes)
[    0.148134] pinctrl core: initialized pinctrl subsystem
[    0.151148] RTC time: 19:24:34, date: 03/09/23
[    0.152251] NET: Registered protocol family 16
[    0.153316] audit: initializing netlink subsys (disabled)
[    0.156050] audit: type=2000 audit(1678389879.819:1): state=initialized audit_enabled=0 res=1
[    0.157343] cpuidle: using governor ladder
[    0.157343] cpuidle: using governor menu
[    0.157343] ACPI: bus type PCI registered
[    0.157343] acpiphp: ACPI Hot Plug PCI Controller Driver version: 0.5
[    0.160109] PCI: Using configuration type 1 for base access
[    0.161110] PCI: Using configuration type 1 for extended access
[    0.164061] HugeTLB registered 2.00 MiB page size, pre-allocated 0 pages
[    0.164092] ACPI: Added _OSI(Module Device)
[    0.164798] ACPI: Added _OSI(Processor Device)
[    0.165525] ACPI: Added _OSI(3.0 _SCP Extensions)
[    0.166328] ACPI: Added _OSI(Processor Aggregator Device)
[    0.168010] ACPI: Added _OSI(Linux-Dell-Video)
[    0.168702] ACPI: Added _OSI(Linux-Lenovo-NV-HDMI-Audio)
[    0.169514] ACPI: Added _OSI(Linux-HPI-Hybrid-Graphics)
[    0.170652] ACPI: Executed 1 blocks of module-level executable AML code
[    0.175262] ACPI: Interpreter enabled
[    0.176015] ACPI: (supports S0 S5)
[    0.176572] ACPI: Using IOAPIC for interrupt routing
[    0.178190] PCI: Using host bridge windows from ACPI; if necessary, use "pci=nocrs" and report a bug
[    0.180220] ACPI: Enabled 2 GPEs in block 00 to 07
[    0.189415] ACPI: PCI Root Bridge [PCI0] (domain 0000 [bus 00-ff])
[    0.190748] acpi PNP0A03:00: _OSC: OS supports [ExtendedConfig ASPM ClockPM Segments MSI]
[    0.192536] acpi PNP0A03:00: _OSC: platform does not support [PCIeCapability]
[    0.194315] acpi PNP0A03:00: _OSC: not requesting control; platform does not support [PCIeCapability]
[    0.196012] acpi PNP0A03:00: _OSC: OS requested [PCIeHotplug PME AER PCIeCapability]
[    0.197273] acpi PNP0A03:00: _OSC: platform willing to grant [PCIeHotplug PME AER]
[    0.199057] acpi PNP0A03:00: _OSC failed (AE_SUPPORT); disabling ASPM
[    0.200623] PCI host bridge to bus 0000:00
[    0.201612] pci_bus 0000:00: root bus resource [io  0x0000-0x0cf7 window]
[    0.202929] pci_bus 0000:00: root bus resource [io  0x0d00-0xffff window]
[    0.204003] pci_bus 0000:00: root bus resource [mem 0x000a0000-0x000bffff window]
[    0.205121] pci_bus 0000:00: root bus resource [mem 0x40000000-0xfdffffff window]
[    0.206268] pci_bus 0000:00: root bus resource [bus 00-ff]
[    0.209837] pci 0000:00:01.1: legacy IDE quirk: reg 0x10: [io  0x01f0-0x01f7]
[    0.211016] pci 0000:00:01.1: legacy IDE quirk: reg 0x14: [io  0x03f6]
[    0.211912] pci 0000:00:01.1: legacy IDE quirk: reg 0x18: [io  0x0170-0x0177]
[    0.212004] pci 0000:00:01.1: legacy IDE quirk: reg 0x1c: [io  0x0376]
[    0.237745] pci 0000:00:07.0: quirk: [io  0x4000-0x403f] claimed by PIIX4 ACPI
[    0.239007] pci 0000:00:07.0: quirk: [io  0x4100-0x410f] claimed by PIIX4 SMB
[    0.257669] ACPI: PCI Interrupt Link [LNKA] (IRQs 5 9 10 *11)
[    0.259123] ACPI: PCI Interrupt Link [LNKB] (IRQs 5 9 *10 11)
[    0.260119] ACPI: PCI Interrupt Link [LNKC] (IRQs 5 *9 10 11)
[    0.261137] ACPI: PCI Interrupt Link [LNKD] (IRQs 5 9 10 *11)
[    0.262501] SCSI subsystem initialized
[    0.264105] pci 0000:00:02.0: vgaarb: setting as boot VGA device
[    0.265029] pci 0000:00:02.0: vgaarb: VGA device added: decodes=io+mem,owns=io+mem,locks=none
[    0.266272] pci 0000:00:02.0: vgaarb: bridge control possible
[    0.267213] vgaarb: loaded
[    0.267758] ACPI: bus type USB registered
[    0.268038] usbcore: registered new interface driver usbfs
[    0.268953] usbcore: registered new interface driver hub
[    0.270218] usbcore: registered new device driver usb
[    0.272046] EDAC MC: Ver: 3.0.0
[    0.273518] PCI: Using ACPI for IRQ routing
[    0.276437] NetLabel: Initializing
[    0.277309] NetLabel:  domain hash size = 128
[    0.278310] NetLabel:  protocols = UNLABELED CIPSOv4 CALIPSO
[    0.279454] NetLabel:  unlabeled traffic allowed by default
[    0.280126] clocksource: Switched to clocksource kvm-clock
[    0.296118] VFS: Disk quotas dquot_6.6.0
[    0.297501] VFS: Dquot-cache hash table entries: 512 (order 0, 4096 bytes)
[    0.299112] AppArmor: AppArmor Filesystem Enabled
[    0.299878] pnp: PnP ACPI init
[    0.301441] pnp: PnP ACPI: found 3 devices
[    0.313324] clocksource: acpi_pm: mask: 0xffffff max_cycles: 0xffffff, max_idle_ns: 2085701024 ns
[    0.314670] NET: Registered protocol family 2
[    0.315395] IP idents hash table entries: 16384 (order: 5, 131072 bytes)
[    0.318693] TCP established hash table entries: 8192 (order: 4, 65536 bytes)
[    0.319738] TCP bind hash table entries: 8192 (order: 5, 131072 bytes)
[    0.320732] TCP: Hash tables configured (established 8192 bind 8192)
[    0.321794] UDP hash table entries: 512 (order: 2, 16384 bytes)
[    0.322670] UDP-Lite hash table entries: 512 (order: 2, 16384 bytes)
[    0.323842] NET: Registered protocol family 1
[    0.324655] pci 0000:00:00.0: Limiting direct PCI/PCI transfers
[    0.325568] pci 0000:00:01.0: Activating ISA DMA hang workarounds
[    0.326558] pci 0000:00:02.0: Video device with shadowed ROM at [mem 0x000c0000-0x000dffff]
[    0.327880] Unpacking initramfs...
[    0.709081] Freeing initrd memory: 20396K
[    0.710107] clocksource: tsc: mask: 0xffffffffffffffff max_cycles: 0x398caf77d7a, max_idle_ns: 881590459467 ns
[    0.711904] platform rtc_cmos: registered platform RTC device (no PNP device found)
[    0.714738] Scanning for low memory corruption every 60 seconds
[    0.717345] Initialise system trusted keyrings
[    0.718426] Key type blacklist registered
[    0.719559] workingset: timestamp_bits=36 max_order=18 bucket_order=0
[    0.722466] zbud: loaded
[    0.724425] squashfs: version 4.0 (2009/01/31) Phillip Lougher
[    0.725858] fuse init (API version 7.26)
[    0.732022] Key type asymmetric registered
[    0.733122] Asymmetric key parser 'x509' registered
[    0.734355] Block layer SCSI generic (bsg) driver version 0.4 loaded (major 246)
[    0.736376] io scheduler noop registered
[    0.737317] io scheduler deadline registered
[    0.738489] io scheduler cfq registered (default)
[    0.740253] ACPI: AC Adapter [AC] (on-line)
[    0.741558] input: Power Button as /devices/LNXSYSTM:00/LNXPWRBN:00/input/input0
[    0.743841] ACPI: Power Button [PWRF]
[    0.744889] input: Sleep Button as /devices/LNXSYSTM:00/LNXSLPBN:00/input/input1
[    0.746615] ACPI: Sleep Button [SLPF]
[    0.747981] Serial: 8250/16550 driver, 32 ports, IRQ sharing enabled
[    0.749165] ACPI: Battery Slot [BAT0] (battery present)
[    0.771027] 00:02: ttyS0 at I/O 0x3f8 (irq = 4, base_baud = 115200) is a 16550A
[    0.778489] Linux agpgart interface v0.103
[    0.781334] loop: module loaded
[    0.783106] scsi host0: ata_piix
[    0.783973] scsi host1: ata_piix
[    0.784606] ata1: PATA max UDMA/33 cmd 0x1f0 ctl 0x3f6 bmdma 0xd000 irq 14
[    0.785628] ata2: PATA max UDMA/33 cmd 0x170 ctl 0x376 bmdma 0xd008 irq 15
[    0.787192] tun: Universal TUN/TAP device driver, 1.6
[    0.788176] PPP generic driver version 2.4.2
[    0.788942] ehci_hcd: USB 2.0 'Enhanced' Host Controller (EHCI) Driver
[    0.790027] ehci-pci: EHCI PCI platform driver
[    0.790787] ehci-platform: EHCI generic platform driver
[    0.792056] ohci_hcd: USB 1.1 'Open' Host Controller (OHCI) Driver
[    0.793722] ohci-pci: OHCI PCI platform driver
[    0.794924] ohci-platform: OHCI generic platform driver
[    0.796001] uhci_hcd: USB Universal Host Controller Interface driver
[    0.797084] i8042: PNP: PS/2 Controller [PNP0303:PS2K,PNP0f03:PS2M] at 0x60,0x64 irq 1,12
[    0.798852] serio: i8042 KBD port at 0x60,0x64 irq 1
[    0.799632] serio: i8042 AUX port at 0x60,0x64 irq 12
[    0.800550] mousedev: PS/2 mouse device common for all mice
[    0.801755] input: AT Translated Set 2 keyboard as /devices/platform/i8042/serio0/input/input2
[    0.803415] rtc_cmos rtc_cmos: rtc core: registered rtc_cmos as rtc0
[    0.804429] rtc_cmos rtc_cmos: alarms up to one day, 114 bytes nvram
[    0.806434] i2c /dev entries driver
[    0.807839] device-mapper: uevent: version 1.0.3
[    0.809406] device-mapper: ioctl: 4.37.0-ioctl (2017-09-20) initialised: dm-devel@redhat.com
[    0.811687] ledtrig-cpu: registered to indicate activity on CPUs
[    0.814134] NET: Registered protocol family 10
[    0.821243] Segment Routing with IPv6
[    0.822373] NET: Registered protocol family 17
[    0.824650] Key type dns_resolver registered
[    0.826544] mce: Using 0 MCE banks
[    0.827590] RAS: Correctable Errors collector initialized.
[    0.829457] sched_clock: Marking stable (829393034, 0)->(1037586763, -208193729)
[    0.832205] registered taskstats version 1
[    0.833960] Loading compiled-in X.509 certificates
[    0.838223] Loaded X.509 cert 'Build time autogenerated kernel key: 4d405f87ce750406625b929cd2e51cc76ab5bcf4'
[    0.841462] Loaded X.509 cert 'Canonical Ltd. Live Patch Signing: 14df34d1a87cf37625abec039ef2bf521249b969'
[    0.845475] Loaded X.509 cert 'Canonical Ltd. Kernel Module Signing: 88f752e560a1e0737e31163a466ad7b70a850c19'
[    0.847952] blacklist: Loading compiled-in revocation X.509 certificates
[    0.850333] Loaded X.509 cert 'Canonical Ltd. Secure Boot Signing: 61482aa2830d0ab2ad5af10b7250da9033ddcef0'
[    0.852844] Loaded X.509 cert 'Canonical Ltd. Secure Boot Signing (2017): 242ade75ac4a15e50d50c84b0d45ff3eae707a03'
[    0.855186] Loaded X.509 cert 'Canonical Ltd. Secure Boot Signing (ESM 2018): 365188c1d374d6b07c3c8f240f8ef722433d6a8b'
[    0.858102] Loaded X.509 cert 'Canonical Ltd. Secure Boot Signing (2019): c0746fd6c5da3ae827864651ad66ae47fe24b3e8'
[    0.860310] Loaded X.509 cert 'Canonical Ltd. Secure Boot Signing (2021 v1): a8d54bbb3825cfb94fa13c9f8a594a195c107b8d'
[    0.863127] Loaded X.509 cert 'Canonical Ltd. Secure Boot Signing (2021 v2): 4cf046892d6fd3c9a5b03f98d845f90851dc6a8c'
[    0.865794] Loaded X.509 cert 'Canonical Ltd. Secure Boot Signing (2021 v3): 100437bb6de6e469b581e61cd66bce3ef4ed53af'
[    0.868274] Loaded X.509 cert 'Canonical Ltd. Secure Boot Signing (Ubuntu Core 2019): c1d57b8f6b743f23ee41f4f7ee292f06eecadfb9'
[    0.870585] zswap: loaded using pool lzo/zbud
[    0.876901] Key type big_key registered
[    0.877831] Key type trusted registered
[    0.880795] Key type encrypted registered
[    0.881681] AppArmor: AppArmor sha1 policy hashing enabled
[    0.882921] ima: No TPM chip found, activating TPM-bypass! (rc=-19)
[    0.884252] ima: Allocated hash algorithm: sha1
[    0.885011] evm: HMAC attrs: 0x1
[    0.885870]   Magic number: 15:48:445
[    0.886706] rtc_cmos rtc_cmos: setting system clock to 2023-03-09 19:24:35 UTC (1678389875)
[    0.888478] BIOS EDD facility v0.16 2004-Jun-25, 0 devices found
[    0.890355] EDD information not available.
[    0.973264] Freeing unused kernel image memory: 2480K
[    0.988575] Write protecting the kernel read-only data: 20480k
[    0.991515] Freeing unused kernel image memory: 2008K
[    0.993552] Freeing unused kernel image memory: 1820K
[    1.002683] x86/mm: Checked W+X mappings: passed, no W+X pages found.
Loading, please wait...
starting version 237
[    1.071198] e1000: Intel(R) PRO/1000 Network Driver - version 7.3.21-k8-NAPI
[    1.074148] e1000: Copyright (c) 1999-2006 Intel Corporation.
[    1.079280] Fusion MPT base driver 3.04.20
[    1.080071] Copyright (c) 1999-2008 LSI Corporation
[    1.085190] Fusion MPT SPI Host driver 3.04.20
[    1.098437] AVX2 version of gcm_enc/dec engaged.
[    1.099293] AES CTR mode by8 optimization enabled
[    1.289740] input: ImExPS/2 Generic Explorer Mouse as /devices/platform/i8042/serio1/input/input4
[    1.462009] e1000 0000:00:03.0 eth0: (PCI:33MHz:32-bit) 02:1d:71:e8:cf:d1
[    1.463525] e1000 0000:00:03.0 eth0: Intel(R) PRO/1000 Network Connection
[    1.465863] mptbase: ioc0: Initiating bringup
[    1.786608] ioc0: LSI53C1030 A0: Capabilities={Initiator}
[    2.027556] scsi host2: ioc0: LSI53C1030 A0, FwRev=00000000h, Ports=1, MaxQ=256, IRQ=20
[    2.201035] scsi 2:0:0:0: Direct-Access     VBOX     HARDDISK         1.0  PQ: 0 ANSI: 5
[    2.257996] scsi target2:0:0: Beginning Domain Validation
[    2.262017] scsi target2:0:0: Domain Validation skipping write tests
[    2.263999] scsi target2:0:0: Ending Domain Validation
[    2.265738] scsi target2:0:0: asynchronous
[    2.268160] scsi 2:0:1:0: Direct-Access     VBOX     HARDDISK         1.0  PQ: 0 ANSI: 5
[    2.578426] scsi target2:0:1: Beginning Domain Validation
[    2.582311] scsi target2:0:1: Domain Validation skipping write tests
[    2.583723] scsi target2:0:1: Ending Domain Validation
[    2.585017] scsi target2:0:1: asynchronous
[    2.592178] sd 2:0:0:0: Attached scsi generic sg0 type 0
[    2.594453] sd 2:0:0:0: [sda] 83886080 512-byte logical blocks: (42.9 GB/40.0 GiB)
[    2.594460] sd 2:0:1:0: Attached scsi generic sg1 type 0
[    2.597215] sd 2:0:0:0: [sda] Write Protect is off
[    2.597477] sd 2:0:1:0: [sdb] 20480 512-byte logical blocks: (10.5 MB/10.0 MiB)
[    2.600141] sd 2:0:1:0: [sdb] Write Protect is off
[    2.601492] sd 2:0:0:0: [sda] Incomplete mode parameter data
[    2.602967] sd 2:0:0:0: [sda] Assuming drive cache: write through
[    2.604579] sd 2:0:1:0: [sdb] Incomplete mode parameter data
[    2.605974] sd 2:0:1:0: [sdb] Assuming drive cache: write through
[    2.609631]  sda: sda1
[    2.610950] sd 2:0:0:0: [sda] Attached SCSI disk
[    2.612927] sd 2:0:1:0: [sdb] Attached SCSI disk
[    2.616148] e1000 0000:00:08.0 eth1: (PCI:33MHz:32-bit) 08:00:27:46:9d:da
[    2.618535] e1000 0000:00:08.0 eth1: Intel(R) PRO/1000 Network Connection
[    2.622500] e1000 0000:00:03.0 enp0s3: renamed from eth0
[    2.646169] e1000 0000:00:08.0 enp0s8: renamed from eth1
Begin: Loading essential drivers ... [    4.184581] raid6: sse2x1   gen()  6155 MB/s
[    4.232582] raid6: sse2x1   xor()  6671 MB/s
[    4.280530] raid6: sse2x2   gen() 13802 MB/s
[    4.329159] raid6: sse2x2   xor()  8844 MB/s
[    4.377321] raid6: sse2x4   gen() 14768 MB/s
[    4.424546] raid6: sse2x4   xor()  8200 MB/s
[    4.472599] raid6: avx2x1   gen() 14748 MB/s
[    4.521521] raid6: avx2x1   xor() 11817 MB/s
[    4.568562] raid6: avx2x2   gen() 17367 MB/s
[    4.617550] raid6: avx2x2   xor()  8877 MB/s
[    4.664216] raid6: avx2x4   gen() 19106 MB/s
[    4.712581] raid6: avx2x4   xor() 10974 MB/s
[    4.713326] raid6: using algorithm avx2x4 gen() 19106 MB/s
[    4.714159] raid6: .... xor() 10974 MB/s, rmw enabled
[    4.715095] raid6: using avx2x2 recovery algorithm
[    4.718455] xor: automatically using best checksumming function   avx       
[    4.721613] async_tx: api initialized (async)
done.
Begin: Running /scripts/init-premount ... done.
Begin: Mounting root file system ... Begin: Running /scripts/local-top ... done.
Begin: Running /scripts/local-premount ... [    4.782543] Btrfs loaded, crc32c=crc32c-intel
Scanning for Btrfs filesystems
done.
Begin: Will now check root file system ... fsck from util-linux 2.31.1
[/sbin/fsck.ext4 (1) -- /dev/sda1] fsck.ext4 -a -C0 /dev/sda1 
cloudimg-rootfs: clean, 99247/5120000 files, 741423/10485499 blocks
done.
[    4.840307] EXT4-fs (sda1): mounted filesystem with ordered data mode. Opts: (null)
done.
Begin: Running /scripts/local-bottom ... done.
Begin: Running /scripts/init-bottom ... done.
[    5.067678] ip_tables: (C) 2000-2006 Netfilter Core Team
[    5.083742] systemd[1]: systemd 237 running in system mode. (+PAM +AUDIT +SELINUX +IMA +APPARMOR +SMACK +SYSVINIT +UTMP +LIBCRYPTSETUP +GCRYPT +GNUTLS +ACL +XZ +LZ4 +SECCOMP +BLKID +ELFUTILS +KMOD -IDN2 +IDN -PCRE2 default-hierarchy=hybrid)
[    5.087234] systemd[1]: Detected virtualization oracle.
[    5.088605] systemd[1]: Detected architecture x86-64.

Welcome to [1mUbuntu 18.04.6 LTS[0m!

[    5.096644] systemd[1]: Set hostname to <web01>.
[    5.456530] systemd[1]: Reached target Swap.
[[0;32m  OK  [0m] Reached target Swap.
[    5.458275] systemd[1]: Reached target User and Group Name Lookups.
[[0;32m  OK  [0m] Reached target User and Group Name Lookups.
[    5.461832] systemd[1]: Created slice System Slice.
[[0;32m  OK  [0m] Created slice System Slice.
[    5.463593] systemd[1]: Listening on Device-mapper event daemon FIFOs.
[[0;32m  OK  [0m] Listening on Device-mapper event daemon FIFOs.
[    5.465574] systemd[1]: Listening on LVM2 poll daemon socket.
[[0;32m  OK  [0m] Listening on LVM2 poll daemon socket.
[    5.467260] systemd[1]: Listening on Journal Audit Socket.
[[0;32m  OK  [0m] Listening on Journal Audit Socket.
[[0;32m  OK  [0m] Created slice system-serial\x2dgetty.slice.
[[0;32m  OK  [0m] Listening on Journal Socket.
         Mounting Kernel Debug File System...
         Starting Uncomplicated firewall...
[[0;32m  OK  [0m] Listening on /dev/initctl Compatibility Named Pipe.
[[0;32m  OK  [0m] Listening on udev Control Socket.
[[0;32m  OK  [0m] Reached target Mounting snaps.
[[0;32m  OK  [0m] Listening on Network Service Netlink Socket.
[[0;32m  OK  [0m] Listening on Syslog Socket.
         Starting Set the console keyboard layout...
         Mounting Huge Pages File System...
         Mounting POSIX Message Queue File System...
         Starting Create list of required st…ce nodes for the current kernel...
[[0;32m  OK  [0m] Set up automount Arbitrary Executab…rmats File System Automount Point.
[[0;32m  OK  [0m] Listening on fsck to fsckd communication Socket.
[[0;32m  OK  [0m] Started Forward Password Requests to Wall Directory Watch.
[[0;32m  OK  [0m] Created slice User and Session Slice.
[[0;32m  OK  [0m] Reached target Slices.
         Starting Load Kernel Modules...
[[0;32m  OK  [0m] Listening on udev Kernel Socket.
         Starting udev Coldplug all Devices...
[[0;32m  OK  [0m] Reached target System Time Synchronized.
[[0;32m  OK  [0m] Listening on LVM2 metadata daemon socket.
         Starting Monitoring of LVM2 mirrors…ng dmeventd or progress polling...
         Starting Remount Root and Kernel File Systems...
[[0;32m  OK  [0m] Reached target Mounted snaps.
[[0;32m  OK  [0m] Listening on Journal Socket (/dev/log).
         Starting Journal Service...
[[0;32m  OK  [0m] Mounted Kernel Debug File System.
[[0;32m  OK  [0m] Started Uncomplicated firewall.
[[0;32m  OK  [0m] Mounted Huge Pages File System.
[[0;32m  OK  [0m] Mounted POSIX Message Queue File System.
[[0;32m  OK  [0m] Started Create list of required sta…vice nodes for the current kernel.
         Starting Create Static Device Nodes in /dev...
[    5.563365] Loading iSCSI transport class v2.0-870.
[[0;32m  OK  [0m] Started udev Coldplug all Devices.
[[0;32m  OK  [0m] Started Create Static Device Nodes in /dev.
[    5.638985] iscsi: registered transport (tcp)
[    5.662841] iscsi: registered transport (iser)
[[0;32m  OK  [0m] Started Load Kernel Modules.
         Starting Apply Kernel Variables...
         Mounting FUSE Control File System...
         Mounting Kernel Configuration File System...
[[0;32m  OK  [0m] Mounted FUSE Control File System.
[[0;32m  OK  [0m] Mounted Kernel Configuration File System.
[    5.692877] EXT4-fs (sda1): re-mounted. Opts: (null)
[[0;32m  OK  [0m] Started Remount Root and Kernel File Systems.
         Starting udev Kernel Device Manager...
         Starting Load/Save Random Seed...
[[0;32m  OK  [0m] Started Journal Service.
         Starting Flush Journal to Persistent Storage...
[[0;32m  OK  [0m] Started LVM2 metadata daemon.
[[0;32m  OK  [0m] Started Load/Save Random Seed.
[[0;32m  OK  [0m] Started Apply Kernel Variables.
[[0;32m  OK  [0m] Started Set the console keyboard layout.
[[0;32m  OK  [0m] Started udev Kernel Device Manager.
[[0;32m  OK  [0m] Started Dispatch Password Requests to Console Directory Watch.
[[0;32m  OK  [0m] Reached target Local Encrypted Volumes.
[[0;32m  OK  [0m] Started Monitoring of LVM2 mirrors,…sing dmeventd or progress polling.
[[0;32m  OK  [0m] Reached target Local File Systems (Pre).
[[0;32m  OK  [0m] Reached target Local File Systems.
         Starting Set console font and keymap...
         Starting ebtables ruleset management...
         Starting Tell Plymouth To Write Out Runtime Data...
         Starting AppArmor initialization...
[[0;32m  OK  [0m] Started Set console font and keymap.
[[0;32m  OK  [0m] Started Flush Journal to Persistent Storage.
         Starting Create Volatile Files and Directories...
[[0;32m  OK  [0m] Started Tell Plymouth To Write Out Runtime Data.
[[0;32m  OK  [0m] Started Create Volatile Files and Directories.
         Starting Update UTMP about System Boot/Shutdown...
[[0;32m  OK  [0m] Started Update UTMP about System Boot/Shutdown.
[[0;32m  OK  [0m] Started ebtables ruleset management.
[[0;32m  OK  [0m] Found device /dev/ttyS0.
[[0;32m  OK  [0m] Listening on Load/Save RF Kill Switch Status /dev/rfkill Watch.
[[0;32m  OK  [0m] Started AppArmor initialization.
         Starting Initial cloud-init job (pre-networking)...
         Starting Load AppArmor profiles managed internally by snapd...
         Mounting Arbitrary Executable File Formats File System...
[[0;32m  OK  [0m] Mounted Arbitrary Executable File Formats File System.
[[0;32m  OK  [0m] Started Load AppArmor profiles managed internally by snapd.
[    8.118807] cloud-init[560]: Cloud-init v. 22.4.2-0ubuntu0~18.04.1 running 'init-local' at Thu, 09 Mar 2023 19:24:42 +0000. Up 7.89 seconds.
[[0;32m  OK  [0m] Started Initial cloud-init job (pre-networking).
[[0;32m  OK  [0m] Reached target Network (Pre).
         Starting Network Service...
[[0;32m  OK  [0m] Started Network Service.
         Starting Wait for Network to be Configured...
         Starting Network Name Resolution...
[[0;32m  OK  [0m] Started Network Name Resolution.
[[0;32m  OK  [0m] Reached target Host and Network Name Lookups.
[[0;32m  OK  [0m] Reached target Network.
[[0;32m  OK  [0m] Started Wait for Network to be Configured.
         Starting Initial cloud-init job (metadata service crawler)...
[   11.235977] cloud-init[681]: Cloud-init v. 22.4.2-0ubuntu0~18.04.1 running 'init' at Thu, 09 Mar 2023 19:24:45 +0000. Up 11.04 seconds.
[   11.239337] cloud-init[681]: ci-info: ++++++++++++++++++++++++++++++++++++++Net device info+++++++++++++++++++++++++++++++++++++++
[   11.252479] cloud-init[681]: ci-info: +--------+------+-----------------------------+---------------+--------+-------------------+
[   11.254109] cloud-init[681]: ci-info: | Device |  Up  |           Address           |      Mask     | Scope  |     Hw-Address    |
[   11.256958] cloud-init[681]: ci-info: +--------+------+-----------------------------+---------------+--------+-------------------+
[   11.259109] cloud-init[681]: ci-info: | enp0s3 | True |          10.0.2.15          | 255.255.255.0 | global | 02:1d:71:e8:cf:d1 |
[   11.260703] cloud-init[681]: ci-info: | enp0s3 | True |  fe80::1d:71ff:fee8:cfd1/64 |       .       |  link  | 02:1d:71:e8:cf:d1 |
[   11.262124] cloud-init[681]: ci-info: | enp0s8 | True |        192.168.56.11        | 255.255.255.0 | global | 08:00:27:46:9d:da |
[   11.263952] cloud-init[681]: ci-info: | enp0s8 | True | fe80::a00:27ff:fe46:9dda/64 |       .       |  link  | 08:00:27:46:9d:da |
[   11.265959] cloud-init[681]: ci-info: |   lo   | True |          127.0.0.1          |   255.0.0.0   |  host  |         .         |
[   11.267509] cloud-init[681]: ci-info: |   lo   | True |           ::1/128           |       .       |  host  |         .         |
[   11.268821] cloud-init[681]: ci-info: +--------+------+-----------------------------+---------------+--------+-------------------+
[   11.270362] cloud-init[681]: ci-info: +++++++++++++++++++++++++++++Route IPv4 info+++++++++++++++++++++++++++++
[   11.271894] cloud-init[681]: ci-info: +-------+--------------+----------+-----------------+-----------+-------+
[   11.273503] cloud-init[681]: ci-info: | Route | Destination  | Gateway  |     Genmask     | Interface | Flags |
[   11.274818] cloud-init[681]: ci-info: +-------+--------------+----------+-----------------+-----------+-------+
[   11.276738] cloud-init[681]: ci-info: |   0   |   0.0.0.0    | 10.0.2.2 |     0.0.0.0     |   enp0s3  |   UG  |
[   11.278956] cloud-init[681]: ci-info: |   1   |   10.0.2.0   | 0.0.0.0  |  255.255.255.0  |   enp0s3  |   U   |
[   11.281050] cloud-init[681]: ci-info: |   2   |   10.0.2.2   | 0.0.0.0  | 255.255.255.255 |   enp0s3  |   UH  |
[   11.284892] cloud-init[681]: ci-info: |   3   | 192.168.56.0 | 0.0.0.0  |  255.255.255.0  |   enp0s8  |   U   |
[   11.286823] cloud-init[681]: ci-info: +-------+--------------+----------+-----------------+-----------+-------+
[   11.289040] cloud-init[681]: ci-info: +++++++++++++++++++Route IPv6 info+++++++++++++++++++
[   11.290624] cloud-init[681]: ci-info: +-------+-------------+---------+-----------+-------+
[   11.292232] cloud-init[681]: ci-info: | Route | Destination | Gateway | Interface | Flags |
[   11.293382] cloud-init[681]: ci-info: +-------+-------------+---------+-----------+-------+
[   11.294438] cloud-init[681]: ci-info: |   1   |  fe80::/64  |    ::   |   enp0s3  |   U   |
[   11.295499] cloud-init[681]: ci-info: |   2   |  fe80::/64  |    ::   |   enp0s8  |   U   |
[   11.296588] cloud-init[681]: ci-info: |   4   |    local    |    ::   |   enp0s3  |   U   |
[   11.297934] cloud-init[681]: ci-info: |   5   |    local    |    ::   |   enp0s8  |   U   |
[   11.299627] cloud-init[681]: ci-info: |   6   |   ff00::/8  |    ::   |   enp0s3  |   U   |
[   11.301427] cloud-init[681]: ci-info: |   7   |   ff00::/8  |    ::   |   enp0s8  |   U   |
[   11.302991] cloud-init[681]: ci-info: +-------+-------------+---------+-----------+-------+
[[0;32m  OK  [0m] Started Initial cloud-init job (metadata service crawler).
[[0;32m  OK  [0m] Reached target Cloud-config availability.
[[0;32m  OK  [0m] Reached target Network is Online.
         Starting Availability of block devices...
[[0;32m  OK  [0m] Reached target Remote File Systems (Pre).
         Mounting /vagrant...
[[0;32m  OK  [0m] Reached target System Initialization.
[[0;32m  OK  [0m] Listening on cloud-init hotplug hook socket.
[[0;32m  OK  [0m] Started ACPI Events Check.
[[0;32m  OK  [0m] Listening on ACPID Listen Socket.
[[0;32m  OK  [0m] Listening on Open-iSCSI iscsid Socket.
[[0;32m  OK  [0m] Started Discard unused blocks once a week.
[[0;32m  OK  [0m] Started Daily apt download activities.
[[0;32m  OK  [0m] Started Daily apt upgrade and clean activities.
[[0;32m  OK  [0m] Started Ubuntu Advantage Timer for running repeated jobs.
[[0;32m  OK  [0m] Reached target Paths.
[[0;32m  OK  [0m] Listening on D-Bus System Message Bus Socket.
[[0;32m  OK  [0m] Listening on UUID daemon activation socket.
         Starting LXD - unix socket.
         Starting Socket activation for snappy daemon.
[[0;32m  OK  [0m] Started Message of the Day.
[[0;32m  OK  [0m] Started Daily Cleanup of Temporary Directories.
[[0;32m  OK  [0m] Reached target Timers.
[[0;32m  OK  [0m] Started Availability of block devices.
[[0;32m  OK  [0m] Mounted /vagrant.
[[0;32m  OK  [0m] Listening on LXD - unix socket.
[[0;32m  OK  [0m] Listening on Socket activation for snappy daemon.
[[0;32m  OK  [0m] Reached target Sockets.
[[0;32m  OK  [0m] Reached target Basic System.
         Starting System Logging Service...
[[0;32m  OK  [0m] Reached target Login Prompts (Pre).
         Starting LSB: Record successful boot for GRUB...
[[0;32m  OK  [0m] Started FUSE filesystem for LXC.
         Starting Accounts Service...
[[0;32m  OK  [0m] Started Regular background program processing daemon.
         Starting Virtualbox guest utils...
         Starting OpenBSD Secure Shell server...
         Starting A high performance web server and a reverse proxy server...
         Starting Login Service...
         Starting Snap Daemon...
         Starting Dispatcher daemon for systemd-networkd...
[[0;32m  OK  [0m] Started Deferred execution scheduler.
[[0;32m  OK  [0m] Started D-Bus System Message Bus.
[[0;32m  OK  [0m] Started Login Service.
[[0;32m  OK  [0m] Started Unattended Upgrades Shutdown.
[[0;32m  OK  [0m] Started irqbalance daemon.
         Starting LXD - container startup/shutdown...
[[0;32m  OK  [0m] Reached target Remote File Systems.
         Starting Permit User Sessions...
         Starting LSB: automatic crash report generation...
[[0;32m  OK  [0m] Started System Logging Service.
[[0;32m  OK  [0m] Started OpenBSD Secure Shell server.
[[0;32m  OK  [0m] Started Permit User Sessions.
         Starting Hold until boot process finishes up...
         Starting Terminate Plymouth Boot Screen...
         Starting Authorization Manager...
[[0;32m  OK  [0m] Started Terminate Plymouth Boot Screen.
[[0;32m  OK  [0m] Started Hold until boot process finishes up.
[[0;32m  OK  [0m] Started Serial Getty on ttyS0.
         Starting Set console scheme...
[[0;32m  OK  [0m] Started A high performance web server and a reverse proxy server.
[[0;32m  OK  [0m] Started Set console scheme.
[[0;32m  OK  [0m] Created slice system-getty.slice.
[[0;32m  OK  [0m] Started Getty on tty1.
[[0;32m  OK  [0m] Reached target Login Prompts.
[[0;32m  OK  [0m] Started LSB: Record successful boot for GRUB.
[[0;32m  OK  [0m] Started Authorization Manager.
[[0;32m  OK  [0m] Started Accounts Service.
[[0;32m  OK  [0m] Started LSB: automatic crash report generation.
[[0;32m  OK  [0m] Started Virtualbox guest utils.
[[0;32m  OK  [0m] Started LXD - container startup/shutdown.
[[0;32m  OK  [0m] Created slice User Slice of vagrant.
[[0;32m  OK  [0m] Started Dispatcher daemon for systemd-networkd.
[[0;32m  OK  [0m] Started Session 1 of user vagrant.
         Starting User Manager for UID 1000...
[[0;32m  OK  [0m] Started User Manager for UID 1000.
[[0;32m  OK  [0m] Started Snap Daemon.
         Starting Wait until snapd is fully seeded...
         Starting Time & Date Service...
[[0;32m  OK  [0m] Started Time & Date Service.
[[0;32m  OK  [0m] Started Wait until snapd is fully seeded.
         Starting Apply the settings specified in cloud-config...
[   13.906582] cloud-init[1209]: Cloud-init v. 22.4.2-0ubuntu0~18.04.1 running 'modules:config' at Thu, 09 Mar 2023 19:24:48 +0000. Up 13.74 seconds.
[[0;32m  OK  [0m] Started Apply the settings specified in cloud-config.
[[0;32m  OK  [0m] Reached target Multi-User System.
[[0;32m  OK  [0m] Reached target Graphical Interface.
         Starting Update UTMP about System Runlevel Changes...
         Starting Execute cloud user/final scripts...
[[0;32m  OK  [0m] Started Update UTMP about System Runlevel Changes.
[   14.719673] cloud-init[1270]: Cloud-init v. 22.4.2-0ubuntu0~18.04.1 running 'modules:final' at Thu, 09 Mar 2023 19:24:49 +0000. Up 14.53 seconds.
[   14.722778] cloud-init[1270]: Cloud-init v. 22.4.2-0ubuntu0~18.04.1 finished at Thu, 09 Mar 2023 19:24:49 +0000. Datasource DataSourceNoCloud [seed=/dev/sdb][dsmode=net].  Up 14.70 seconds
[[0;32m  OK  [0m] Started Execute cloud user/final scripts.
[[0;32m  OK  [0m] Reached target Cloud-init target.

Ubuntu 18.04.6 LTS web01 ttyS0

web01 login: [[0;32m  OK  [0m] Stopped target Host and Network Name Lookups.
[[0;32m  OK  [0m] Stopped target Graphical Interface.
         Stopping Accounts Service...
         Stopping Availability of block devices...
[[0;32m  OK  [0m] Closed Load/Save RF Kill Switch Status /dev/rfkill Watch.
[[0;32m  OK  [0m] Stopped target Cloud-init target.
         Stopping Authorization Manager...
[[0;32m  OK  [0m] Stopped Execute cloud user/final scripts.
[[0;32m  OK  [0m] Stopped target Multi-User System.
         Stopping FUSE filesystem for LXC...
         Stopping OpenBSD Secure Shell server...
         Stopping Deferred execution scheduler...
         Stopping LXD - container startup/shutdown...
         Stopping Virtualbox guest utils...
         Stopping A high performance web server and a reverse proxy server...
         Stopping irqbalance daemon...
[[0;32m  OK  [0m] Stopped target Login Prompts.
         Stopping Getty on tty1...
         Stopping LSB: Record successful boot for GRUB...
         Stopping Session 5 of user vagrant.
         Stopping LSB: automatic crash report generation...
         Stopping Serial Getty on ttyS0...
         Stopping User Manager for UID 1000...
         Stopping System Logging Service...
         Stopping Dispatcher daemon for systemd-networkd...
         Stopping Regular background program processing daemon...
[[0;32m  OK  [0m] Stopped target Timers.
[[0;32m  OK  [0m] Stopped Ubuntu Advantage Timer for running repeated jobs.
[[0;32m  OK  [0m] Stopped Message of the Day.
[[0;32m  OK  [0m] Stopped Discard unused blocks once a week.[[0;32m  OK  [0m] Stopped Daily apt download activities.
[[0;32m  OK  [0m] Stopped target System Time Synchronized.
         Stopping D-Bus System Message Bus...
[[0;32m  OK  [0m] Stopped Apply the settings specified in cloud-config.
[[0;32m  OK  [0m] Stopped Wait until snapd is fully seeded.
[[0;32m  OK  [0m] Stopped target Cloud-config availability.
[[0;32m  OK  [0m] Stopped Daily Cleanup of Temporary Directories.
[[0;32m  OK  [0m] Unmounted /var/lib/lxcfs.
[[0;32m  OK  [0m] Stopped System Logging Service.
[[0;32m  OK  [0m] Stopped Regular background program processing daemon.
[[0;32m  OK  [0m] Stopped Dispatcher daemon for systemd-networkd.
[[0;32m  OK  [0m] Stopped Deferred execution scheduler.
[[0;32m  OK  [0m] Stopped irqbalance daemon.
[[0;32m  OK  [0m] Stopped OpenBSD Secure Shell server.
[[0;32m  OK  [0m] Stopped Authorization Manager.
[[0;32m  OK  [0m] Stopped Serial Getty on ttyS0.
[[0;32m  OK  [0m] Stopped Getty on tty1.
[[0;32m  OK  [0m] Stopped Accounts Service.
[[0;32m  OK  [0m] Stopped User Manager for UID 1000.
[[0;32m  OK  [0m] Stopped A high performance web server and a reverse proxy server.
[[0;32m  OK  [0m] Stopped D-Bus System Message Bus.
[[0;32m  OK  [0m] Stopped FUSE filesystem for LXC.
[[0;32m  OK  [0m] Stopped Session 5 of user vagrant.
[[0;32m  OK  [0m] Stopped Availability of block devices.
[[0;32m  OK  [0m] Removed slice User Slice of vagrant.
         Stopping Login Service...
[[0;32m  OK  [0m] Removed slice system-getty.slice.
[[0;32m  OK  [0m] Removed slice system-serial\x2dgetty.slice.
[[0;32m  OK  [0m] Stopped target Login Prompts (Pre).
         Stopping Permit User Sessions...
[[0;32m  OK  [0m] Stopped LXD - container startup/shutdown.
[[0;32m  OK  [0m] Stopped LSB: Record successful boot for GRUB.
[[0;32m  OK  [0m] Stopped Permit User Sessions.
[[0;32m  OK  [0m] Stopped LSB: automatic crash report generation.
[[0;32m  OK  [0m] Stopped Virtualbox guest utils.
[[0;32m  OK  [0m] Stopped target Remote File Systems.
         Unmounting /vagrant...
[[0;32m  OK  [0m] Stopped Login Service.
[[0;32m  OK  [0m] Stopped target Basic System.
[[0;32m  OK  [0m] Stopped target Paths.
[[0;32m  OK  [0m] Stopped ACPI Events Check.
[[0;32m  OK  [0m] Stopped target Sockets.
[[0;32m  OK  [0m] Closed Open-iSCSI iscsid Socket.
[[0;32m  OK  [0m] Closed LXD - unix socket.
[[0;32m  OK  [0m] Closed Socket activation for snappy daemon.
[[0;32m  OK  [0m] Closed ACPID Listen Socket.
[[0;32m  OK  [0m] Closed Syslog Socket.
[[0;32m  OK  [0m] Closed UUID daemon activation socket.
[[0;32m  OK  [0m] Closed cloud-init hotplug hook socket.
[[0;32m  OK  [0m] Stopped target Slices.
[[0;32m  OK  [0m] Closed D-Bus System Message Bus Socket.
[[0;32m  OK  [0m] Stopped target User and Group Name Lookups.
[[0;32m  OK  [0m] Stopped target System Initialization.
         Stopping Update UTMP about System Boot/Shutdown...
[[0;32m  OK  [0m] Stopped target Local Encrypted Volumes.
[[0;32m  OK  [0m] Stopped Forward Password Requests to Wall Directory Watch.
[[0;32m  OK  [0m] Stopped Dispatch Password Requests to Console Directory Watch.
         Stopping Load/Save Random Seed...
[[0;32m  OK  [0m] Removed slice User and Session Slice.
[[0;32m  OK  [0m] Stopped Update UTMP about System Boot/Shutdown.
[[0;32m  OK  [0m] Stopped Load/Save Random Seed.
[[0;32m  OK  [0m] Unmounted /vagrant.
[[0;32m  OK  [0m] Stopped target Network is Online.
[[0;32m  OK  [0m] Stopped Initial cloud-init job (metadata service crawler).
[[0;32m  OK  [0m] Stopped target Remote File Systems (Pre).
[[0;32m  OK  [0m] Stopped target Network.
         Stopping Network Name Resolution...
[[0;32m  OK  [0m] Stopped Network Name Resolution.
[[0;32m  OK  [0m] Stopped Create Volatile Files and Directories.
[[0;32m  OK  [0m] Stopped target Local File Systems.
         Unmounting /run/user/1000...
[[0;32m  OK  [0m] Stopped target Mounted snaps.
[[0;32m  OK  [0m] Stopped target Mounting snaps.
         Stopping Network Service...
[[0;32m  OK  [0m] Unmounted /run/user/1000.
[[0;32m  OK  [0m] Reached target Unmount All Filesystems.
[[0;32m  OK  [0m] Stopped target Swap.
[[0;32m  OK  [0m] Stopped target Local File Systems (Pre).
         Stopping Monitoring of LVM2 mirrors…ng dmeventd or progress polling...
[[0;32m  OK  [0m] Stopped Create Static Device Nodes in /dev.
[[0;32m  OK  [0m] Stopped Monitoring of LVM2 mirrors,…sing dmeventd or progress polling.
         Stopping LVM2 metadata daemon...
[[0;32m  OK  [0m] Stopped LVM2 metadata daemon.
[[0;32m  OK  [0m] Stopped Network Service.
[[0;32m  OK  [0m] Stopped Apply Kernel Variables.
[[0;32m  OK  [0m] Stopped Load Kernel Modules.
[[0;32m  OK  [0m] Stopped target Network (Pre).
[[0;32m  OK  [0m] Stopped Initial cloud-init job (pre-networking).
[[0;32m  OK  [0m] Stopped Remount Root and Kernel File Systems.
[[0;32m  OK  [0m] Reached target Shutdown.
[[0;32m  OK  [0m] Reached target Final Step.
         Starting Power-Off...
[  714.415947] reboot: Power down
